# JRE version: OpenJDK Runtime Environment (7.0_51) (build 1.7.0_51-b00)
# Java VM: OpenJDK 64-Bit Server VM (24.45-b08 mixed mode linux-amd64 compressed oops)
Heap
 PSYoungGen      total 121344K, used 32622K [0x00000000f5500000, 0x00000000ffd80000, 0x0000000100000000)
  eden space 71168K, 32% used [0x00000000f5500000,0x00000000f6b40f18,0x00000000f9a80000)
  from space 50176K, 19% used [0x00000000f9a80000,0x00000000fa41ab58,0x00000000fcb80000)
  to   space 48128K, 0% used [0x00000000fce80000,0x00000000fce80000,0x00000000ffd80000)
 ParOldGen       total 130048K, used 71692K [0x00000000e0000000, 0x00000000e7f00000, 0x00000000f5500000)
  object space 130048K, 55% used [0x00000000e0000000,0x00000000e4603390,0x00000000e7f00000)
 PSPermGen       total 115712K, used 96689K [0x00000000d0000000, 0x00000000d7100000, 0x00000000e0000000)
  object space 115712K, 83% used [0x00000000d0000000,0x00000000d5e6c5f8,0x00000000d7100000)
GC Heap History (10 events):
Event: 233,612 GC heap before
{Heap before GC invocations=56 (full 10):
 PSYoungGen      total 122368K, used 913K [0x00000000f5500000, 0x0000000100000000, 0x0000000100000000)
  eden space 70656K, 0% used [0x00000000f5500000,0x00000000f5500000,0x00000000f9a00000)
  from space 51712K, 1% used [0x00000000fcd80000,0x00000000fce644c8,0x0000000100000000)
  to   space 52224K, 0% used [0x00000000f9a00000,0x00000000f9a00000,0x00000000fcd00000)
 ParOldGen       total 130048K, used 70517K [0x00000000e0000000, 0x00000000e7f00000, 0x00000000f5500000)
  object space 130048K, 54% used [0x00000000e0000000,0x00000000e44dd668,0x00000000e7f00000)
 PSPermGen       total 121344K, used 87439K [0x00000000d0000000, 0x00000000d7680000, 0x00000000e0000000)
  object space 121344K, 72% used [0x00000000d0000000,0x00000000d5563d40,0x00000000d7680000)
Event: 233,897 GC heap after
Heap after GC invocations=56 (full 10):
 PSYoungGen      total 122368K, used 0K [0x00000000f5500000, 0x0000000100000000, 0x0000000100000000)
  eden space 70656K, 0% used [0x00000000f5500000,0x00000000f5500000,0x00000000f9a00000)
  from space 51712K, 0% used [0x00000000fcd80000,0x00000000fcd80000,0x0000000100000000)
  to   space 52224K, 0% used [0x00000000f9a00000,0x00000000f9a00000,0x00000000fcd00000)
 ParOldGen       total 130048K, used 69452K [0x00000000e0000000, 0x00000000e7f00000, 0x00000000f5500000)
  object space 130048K, 53% used [0x00000000e0000000,0x00000000e43d3048,0x00000000e7f00000)
 PSPermGen       total 117760K, used 87439K [0x00000000d0000000, 0x00000000d7300000, 0x00000000e0000000)
  object space 117760K, 74% used [0x00000000d0000000,0x00000000d5563c50,0x00000000d7300000)
}
Event: 245,852 GC heap before
{Heap before GC invocations=57 (full 10):
 PSYoungGen      total 122368K, used 22205K [0x00000000f5500000, 0x0000000100000000, 0x0000000100000000)
  eden space 70656K, 31% used [0x00000000f5500000,0x00000000f6aaf730,0x00000000f9a00000)
  from space 51712K, 0% used [0x00000000fcd80000,0x00000000fcd80000,0x0000000100000000)
  to   space 52224K, 0% used [0x00000000f9a00000,0x00000000f9a00000,0x00000000fcd00000)
 ParOldGen       total 130048K, used 69452K [0x00000000e0000000, 0x00000000e7f00000, 0x00000000f5500000)
  object space 130048K, 53% used [0x00000000e0000000,0x00000000e43d3048,0x00000000e7f00000)
 PSPermGen       total 117760K, used 88840K [0x00000000d0000000, 0x00000000d7300000, 0x00000000e0000000)
  object space 117760K, 75% used [0x00000000d0000000,0x00000000d56c2268,0x00000000d7300000)
Event: 245,864 GC heap after
Heap after GC invocations=57 (full 10):
 PSYoungGen      total 122880K, used 3222K [0x00000000f5500000, 0x0000000100000000, 0x0000000100000000)
  eden space 70656K, 0% used [0x00000000f5500000,0x00000000f5500000,0x00000000f9a00000)
  from space 52224K, 6% used [0x00000000f9a00000,0x00000000f9d25a00,0x00000000fcd00000)
  to   space 51712K, 0% used [0x00000000fcd80000,0x00000000fcd80000,0x0000000100000000)
 ParOldGen       total 130048K, used 69452K [0x00000000e0000000, 0x00000000e7f00000, 0x00000000f5500000)
  object space 130048K, 53% used [0x00000000e0000000,0x00000000e43d3048,0x00000000e7f00000)
 PSPermGen       total 117760K, used 88840K [0x00000000d0000000, 0x00000000d7300000, 0x00000000e0000000)
  object space 117760K, 75% used [0x00000000d0000000,0x00000000d56c2268,0x00000000d7300000)
}
Event: 245,864 GC heap before
{Heap before GC invocations=58 (full 11):
 PSYoungGen      total 122880K, used 3222K [0x00000000f5500000, 0x0000000100000000, 0x0000000100000000)
  eden space 70656K, 0% used [0x00000000f5500000,0x00000000f5500000,0x00000000f9a00000)
  from space 52224K, 6% used [0x00000000f9a00000,0x00000000f9d25a00,0x00000000fcd00000)
  to   space 51712K, 0% used [0x00000000fcd80000,0x00000000fcd80000,0x0000000100000000)
 ParOldGen       total 130048K, used 69452K [0x00000000e0000000, 0x00000000e7f00000, 0x00000000f5500000)
  object space 130048K, 53% used [0x00000000e0000000,0x00000000e43d3048,0x00000000e7f00000)
 PSPermGen       total 117760K, used 88840K [0x00000000d0000000, 0x00000000d7300000, 0x00000000e0000000)
  object space 117760K, 75% used [0x00000000d0000000,0x00000000d56c2268,0x00000000d7300000)
Event: 246,244 GC heap after
Heap after GC invocations=58 (full 11):
 PSYoungGen      total 122880K, used 0K [0x00000000f5500000, 0x0000000100000000, 0x0000000100000000)
  eden space 70656K, 0% used [0x00000000f5500000,0x00000000f5500000,0x00000000f9a00000)
  from space 52224K, 0% used [0x00000000f9a00000,0x00000000f9a00000,0x00000000fcd00000)
  to   space 51712K, 0% used [0x00000000fcd80000,0x00000000fcd80000,0x0000000100000000)
 ParOldGen       total 130048K, used 71684K [0x00000000e0000000, 0x00000000e7f00000, 0x00000000f5500000)
  object space 130048K, 55% used [0x00000000e0000000,0x00000000e4601390,0x00000000e7f00000)
 PSPermGen       total 115712K, used 88839K [0x00000000d0000000, 0x00000000d7100000, 0x00000000e0000000)
  object space 115712K, 76% used [0x00000000d0000000,0x00000000d56c1f50,0x00000000d7100000)
}
Event: 1152,726 GC heap before
{Heap before GC invocations=59 (full 11):
 PSYoungGen      total 122880K, used 70656K [0x00000000f5500000, 0x0000000100000000, 0x0000000100000000)
  eden space 70656K, 100% used [0x00000000f5500000,0x00000000f9a00000,0x00000000f9a00000)
  from space 52224K, 0% used [0x00000000f9a00000,0x00000000f9a00000,0x00000000fcd00000)
  to   space 51712K, 0% used [0x00000000fcd80000,0x00000000fcd80000,0x0000000100000000)
 ParOldGen       total 130048K, used 71684K [0x00000000e0000000, 0x00000000e7f00000, 0x00000000f5500000)
  object space 130048K, 55% used [0x00000000e0000000,0x00000000e4601390,0x00000000e7f00000)
 PSPermGen       total 115712K, used 94185K [0x00000000d0000000, 0x00000000d7100000, 0x00000000e0000000)
  object space 115712K, 81% used [0x00000000d0000000,0x00000000d5bfa698,0x00000000d7100000)
Event: 1152,740 GC heap after
Heap after GC invocations=59 (full 11):
 PSYoungGen      total 119296K, used 8437K [0x00000000f5500000, 0x00000000ffc80000, 0x0000000100000000)
  eden space 71168K, 0% used [0x00000000f5500000,0x00000000f5500000,0x00000000f9a80000)
  from space 48128K, 17% used [0x00000000fcd80000,0x00000000fd5bd6e8,0x00000000ffc80000)
  to   space 50176K, 0% used [0x00000000f9a80000,0x00000000f9a80000,0x00000000fcb80000)
 ParOldGen       total 130048K, used 71692K [0x00000000e0000000, 0x00000000e7f00000, 0x00000000f5500000)
  object space 130048K, 55% used [0x00000000e0000000,0x00000000e4603390,0x00000000e7f00000)
 PSPermGen       total 115712K, used 94185K [0x00000000d0000000, 0x00000000d7100000, 0x00000000e0000000)
  object space 115712K, 81% used [0x00000000d0000000,0x00000000d5bfa698,0x00000000d7100000)
}
Event: 1165,879 GC heap before
{Heap before GC invocations=60 (full 11):
 PSYoungGen      total 119296K, used 79605K [0x00000000f5500000, 0x00000000ffc80000, 0x0000000100000000)
  eden space 71168K, 100% used [0x00000000f5500000,0x00000000f9a80000,0x00000000f9a80000)
  from space 48128K, 17% used [0x00000000fcd80000,0x00000000fd5bd6e8,0x00000000ffc80000)
  to   space 50176K, 0% used [0x00000000f9a80000,0x00000000f9a80000,0x00000000fcb80000)
 ParOldGen       total 130048K, used 71692K [0x00000000e0000000, 0x00000000e7f00000, 0x00000000f5500000)
  object space 130048K, 55% used [0x00000000e0000000,0x00000000e4603390,0x00000000e7f00000)
 PSPermGen       total 115712K, used 95775K [0x00000000d0000000, 0x00000000d7100000, 0x00000000e0000000)
  object space 115712K, 82% used [0x00000000d0000000,0x00000000d5d87f28,0x00000000d7100000)
Event: 1165,898 GC heap after
Heap after GC invocations=60 (full 11):
 PSYoungGen      total 121344K, used 9834K [0x00000000f5500000, 0x00000000ffd80000, 0x0000000100000000)
  eden space 71168K, 0% used [0x00000000f5500000,0x00000000f5500000,0x00000000f9a80000)
  from space 50176K, 19% used [0x00000000f9a80000,0x00000000fa41ab58,0x00000000fcb80000)
  to   space 48128K, 0% used [0x00000000fce80000,0x00000000fce80000,0x00000000ffd80000)
 ParOldGen       total 130048K, used 71692K [0x00000000e0000000, 0x00000000e7f00000, 0x00000000f5500000)
  object space 130048K, 55% used [0x00000000e0000000,0x00000000e4603390,0x00000000e7f00000)
 PSPermGen       total 115712K, used 95775K [0x00000000d0000000, 0x00000000d7100000, 0x00000000e0000000)
  object space 115712K, 82% used [0x00000000d0000000,0x00000000d5d87f28,0x00000000d7100000)
}

