# JRE version: 7.0_25-b30
# Java VM: OpenJDK 64-Bit Server VM (23.7-b01 mixed mode linux-amd64 compressed oops)
Heap
 PSYoungGen      total 26432K, used 11838K [0x00000000e2800000, 0x00000000e4570000, 0x0000000100000000)
  eden space 22720K, 52% used [0x00000000e2800000,0x00000000e338f968,0x00000000e3e30000)
  from space 3712K, 0% used [0x00000000e3e30000,0x00000000e3e30000,0x00000000e41d0000)
  to   space 3712K, 0% used [0x00000000e41d0000,0x00000000e41d0000,0x00000000e4570000)
 ParOldGen       total 60416K, used 1080K [0x00000000a7800000, 0x00000000ab300000, 0x00000000e2800000)
  object space 60416K, 1% used [0x00000000a7800000,0x00000000a790e2b8,0x00000000ab300000)
 PSPermGen       total 21248K, used 16325K [0x000000009d200000, 0x000000009e6c0000, 0x00000000a7800000)
  object space 21248K, 76% used [0x000000009d200000,0x000000009e1f14d8,0x000000009e6c0000)
GC Heap History (4 events):
Event: 1,547 GC heap before
{Heap before GC invocations=1 (full 0):
 PSYoungGen      total 26432K, used 3645K [0x00000000e2800000, 0x00000000e4570000, 0x0000000100000000)
  eden space 22720K, 16% used [0x00000000e2800000,0x00000000e2b8f618,0x00000000e3e30000)
  from space 3712K, 0% used [0x00000000e41d0000,0x00000000e41d0000,0x00000000e4570000)
  to   space 3712K, 0% used [0x00000000e3e30000,0x00000000e3e30000,0x00000000e41d0000)
 ParOldGen       total 60416K, used 0K [0x00000000a7800000, 0x00000000ab300000, 0x00000000e2800000)
  object space 60416K, 0% used [0x00000000a7800000,0x00000000a7800000,0x00000000ab300000)
 PSPermGen       total 21248K, used 9258K [0x000000009d200000, 0x000000009e6c0000, 0x00000000a7800000)
  object space 21248K, 43% used [0x000000009d200000,0x000000009db0a950,0x000000009e6c0000)
Event: 1,553 GC heap after
Heap after GC invocations=1 (full 0):
 PSYoungGen      total 26432K, used 1120K [0x00000000e2800000, 0x00000000e4570000, 0x0000000100000000)
  eden space 22720K, 0% used [0x00000000e2800000,0x00000000e2800000,0x00000000e3e30000)
  from space 3712K, 30% used [0x00000000e3e30000,0x00000000e3f48020,0x00000000e41d0000)
  to   space 3712K, 0% used [0x00000000e41d0000,0x00000000e41d0000,0x00000000e4570000)
 ParOldGen       total 60416K, used 0K [0x00000000a7800000, 0x00000000ab300000, 0x00000000e2800000)
  object space 60416K, 0% used [0x00000000a7800000,0x00000000a7800000,0x00000000ab300000)
 PSPermGen       total 21248K, used 9258K [0x000000009d200000, 0x000000009e6c0000, 0x00000000a7800000)
  object space 21248K, 43% used [0x000000009d200000,0x000000009db0a950,0x000000009e6c0000)
}
Event: 1,553 GC heap before
{Heap before GC invocations=2 (full 1):
 PSYoungGen      total 26432K, used 1120K [0x00000000e2800000, 0x00000000e4570000, 0x0000000100000000)
  eden space 22720K, 0% used [0x00000000e2800000,0x00000000e2800000,0x00000000e3e30000)
  from space 3712K, 30% used [0x00000000e3e30000,0x00000000e3f48020,0x00000000e41d0000)
  to   space 3712K, 0% used [0x00000000e41d0000,0x00000000e41d0000,0x00000000e4570000)
 ParOldGen       total 60416K, used 0K [0x00000000a7800000, 0x00000000ab300000, 0x00000000e2800000)
  object space 60416K, 0% used [0x00000000a7800000,0x00000000a7800000,0x00000000ab300000)
 PSPermGen       total 21248K, used 9258K [0x000000009d200000, 0x000000009e6c0000, 0x00000000a7800000)
  object space 21248K, 43% used [0x000000009d200000,0x000000009db0a950,0x000000009e6c0000)
Event: 1,570 GC heap after
Heap after GC invocations=2 (full 1):
 PSYoungGen      total 26432K, used 0K [0x00000000e2800000, 0x00000000e4570000, 0x0000000100000000)
  eden space 22720K, 0% used [0x00000000e2800000,0x00000000e2800000,0x00000000e3e30000)
  from space 3712K, 0% used [0x00000000e3e30000,0x00000000e3e30000,0x00000000e41d0000)
  to   space 3712K, 0% used [0x00000000e41d0000,0x00000000e41d0000,0x00000000e4570000)
 ParOldGen       total 60416K, used 1080K [0x00000000a7800000, 0x00000000ab300000, 0x00000000e2800000)
  object space 60416K, 1% used [0x00000000a7800000,0x00000000a790e2b8,0x00000000ab300000)
 PSPermGen       total 21248K, used 9255K [0x000000009d200000, 0x000000009e6c0000, 0x00000000a7800000)
  object space 21248K, 43% used [0x000000009d200000,0x000000009db09d00,0x000000009e6c0000)
}

